<?xml version="1.0" encoding="UTF-8"?>
<testsuite xmlns:xsi="http://www.w3.org/2001/XMLSchema-instance" xsi:noNamespaceSchemaLocation="https://maven.apache.org/surefire/maven-surefire-plugin/xsd/surefire-test-report.xsd" name="ProxectoCirculo.circulitoTest" time="0.485" tests="10" errors="0" skipped="0" failures="1">
  <properties>
    <property name="java.specification.version" value="15"/>
    <property name="sun.jnu.encoding" value="UTF-8"/>
    <property name="java.class.path" value="/Users/Loliz2/Desktop/CONTORNOS/ProxectoCirculo/target/test-classes:/Users/Loliz2/Desktop/CONTORNOS/ProxectoCirculo/target/classes:/Users/Loliz2/.m2/repository/junit/junit/4.11/junit-4.11.jar:/Users/Loliz2/.m2/repository/org/hamcrest/hamcrest-core/1.3/hamcrest-core-1.3.jar:"/>
    <property name="java.vm.vendor" value="Oracle Corporation"/>
    <property name="sun.arch.data.model" value="64"/>
    <property name="java.vendor.url" value="https://openjdk.java.net/"/>
    <property name="os.name" value="Mac OS X"/>
    <property name="java.vm.specification.version" value="15"/>
    <property name="sun.java.launcher" value="SUN_STANDARD"/>
    <property name="user.country" value="ES"/>
    <property name="sun.boot.library.path" value="/usr/local/Cellar/openjdk/15.0.2/libexec/openjdk.jdk/Contents/Home/lib"/>
    <property name="sun.java.command" value="/Users/Loliz2/Desktop/CONTORNOS/ProxectoCirculo/target/surefire/surefirebooter5999279759253047519.jar /Users/Loliz2/Desktop/CONTORNOS/ProxectoCirculo/target/surefire 2021-03-07T14-06-08_174-jvmRun1 surefire17276901540959533050tmp surefire_011160000126673314267tmp"/>
    <property name="http.nonProxyHosts" value="local|*.local|169.254/16|*.169.254/16"/>
    <property name="jdk.debug" value="release"/>
    <property name="surefire.test.class.path" value="/Users/Loliz2/Desktop/CONTORNOS/ProxectoCirculo/target/test-classes:/Users/Loliz2/Desktop/CONTORNOS/ProxectoCirculo/target/classes:/Users/Loliz2/.m2/repository/junit/junit/4.11/junit-4.11.jar:/Users/Loliz2/.m2/repository/org/hamcrest/hamcrest-core/1.3/hamcrest-core-1.3.jar:"/>
    <property name="sun.cpu.endian" value="little"/>
    <property name="user.home" value="/Users/Loliz2"/>
    <property name="user.language" value="es"/>
    <property name="java.specification.vendor" value="Oracle Corporation"/>
    <property name="java.version.date" value="2021-01-19"/>
    <property name="java.home" value="/usr/local/Cellar/openjdk/15.0.2/libexec/openjdk.jdk/Contents/Home"/>
    <property name="file.separator" value="/"/>
    <property name="basedir" value="/Users/Loliz2/Desktop/CONTORNOS/ProxectoCirculo"/>
    <property name="java.vm.compressedOopsMode" value="Zero based"/>
    <property name="line.separator" value="&#10;"/>
    <property name="java.specification.name" value="Java Platform API Specification"/>
    <property name="java.vm.specification.vendor" value="Oracle Corporation"/>
    <property name="surefire.real.class.path" value="/Users/Loliz2/Desktop/CONTORNOS/ProxectoCirculo/target/surefire/surefirebooter5999279759253047519.jar"/>
    <property name="sun.management.compiler" value="HotSpot 64-Bit Tiered Compilers"/>
    <property name="ftp.nonProxyHosts" value="local|*.local|169.254/16|*.169.254/16"/>
    <property name="java.runtime.version" value="15.0.2+7"/>
    <property name="user.name" value="Loliz2"/>
    <property name="path.separator" value=":"/>
    <property name="os.version" value="10.14.6"/>
    <property name="java.runtime.name" value="OpenJDK Runtime Environment"/>
    <property name="file.encoding" value="UTF-8"/>
    <property name="java.vm.name" value="OpenJDK 64-Bit Server VM"/>
    <property name="localRepository" value="/Users/Loliz2/.m2/repository"/>
    <property name="java.vendor.url.bug" value="https://bugreport.java.com/bugreport/"/>
    <property name="java.io.tmpdir" value="/var/folders/bh/r_b23t255yb2l43mc2v747vr0000gn/T/"/>
    <property name="java.version" value="15.0.2"/>
    <property name="user.dir" value="/Users/Loliz2/Desktop/CONTORNOS/ProxectoCirculo"/>
    <property name="os.arch" value="x86_64"/>
    <property name="java.vm.specification.name" value="Java Virtual Machine Specification"/>
    <property name="java.library.path" value="/Users/Loliz2/Library/Java/Extensions:/Library/Java/Extensions:/Network/Library/Java/Extensions:/System/Library/Java/Extensions:/usr/lib/java:."/>
    <property name="java.vm.info" value="mixed mode, sharing"/>
    <property name="java.vendor" value="N/A"/>
    <property name="java.vm.version" value="15.0.2+7"/>
    <property name="sun.io.unicode.encoding" value="UnicodeBig"/>
    <property name="socksNonProxyHosts" value="local|*.local|169.254/16|*.169.254/16"/>
    <property name="java.class.version" value="59.0"/>
  </properties>
  <testcase name="testObtenerArea" classname="ProxectoCirculo.circulitoTest" time="0.027"/>
  <testcase name="testTrasladarCentro" classname="ProxectoCirculo.circulitoTest" time="0.145">
    <failure message="expected:&lt;6&gt; but was:&lt;5&gt;" type="java.lang.AssertionError"><![CDATA[java.lang.AssertionError: expected:<6> but was:<5>
	at ProxectoCirculo.circulitoTest.testTrasladarCentro(circulitoTest.java:138)
]]></failure>
    <system-out><![CDATA[trasladarCentro
]]></system-out>
  </testcase>
  <testcase name="testObtenerDiametro" classname="ProxectoCirculo.circulitoTest" time="0"/>
  <testcase name="testEstablecerX" classname="ProxectoCirculo.circulitoTest" time="0.001"/>
  <testcase name="testEstablecerY" classname="ProxectoCirculo.circulitoTest" time="0"/>
  <testcase name="testObtenerCircunferencia" classname="ProxectoCirculo.circulitoTest" time="0"/>
  <testcase name="testObtenerRadio" classname="ProxectoCirculo.circulitoTest" time="0"/>
  <testcase name="testEstablecerRadio" classname="ProxectoCirculo.circulitoTest" time="0"/>
  <testcase name="testObtenerX" classname="ProxectoCirculo.circulitoTest" time="0"/>
  <testcase name="testObtenerY" classname="ProxectoCirculo.circulitoTest" time="0.001"/>
</testsuite>